{"nbformat":4,"nbformat_minor":0,"metadata":{"colab":{"provenance":[]},"kernelspec":{"name":"python3","display_name":"Python 3"},"language_info":{"name":"python"}},"cells":[{"cell_type":"markdown","metadata":{"id":"vYmdhCfbfgL_"},"source":["QUESTÃO 01 DA LISTA"]},{"cell_type":"code","metadata":{"id":"M7wkIg03ehff","colab":{"base_uri":"https://localhost:8080/"},"executionInfo":{"status":"ok","timestamp":1621836802518,"user_tz":180,"elapsed":9,"user":{"displayName":"Leandro de Almeida Melo","photoUrl":"https://lh3.googleusercontent.com/a-/AOh14Gg24bCEe88_FxF8oa3JMBexX35gXNkpApuR7Vrxjg=s64","userId":"13192134150023651738"}},"outputId":"5dba64f1-f302-497f-e422-329ec3e61fce"},"source":["def organizarFila(fila):\n","  fila[0]=fila[2]\n","  fila[1]=fila[3]\n","  fila[2]=fila[9]\n","  fila[3]=fila[10]\n","  fila[9:11]=[25,33]\n","\n","  return fila\n","\n","\n","filaInicial=[25,33,67,61,35,8,12,15,22,63,75,30,34]\n","fila=organizarFila(filaInicial)\n","print(fila)\n","\n"],"execution_count":null,"outputs":[{"output_type":"stream","text":["[67, 61, 63, 75, 35, 8, 12, 15, 22, 25, 33, 30, 34]\n"],"name":"stdout"}]},{"cell_type":"markdown","metadata":{"id":"7D6R12EqfmJT"},"source":["QUESTÃO 02 DA LISTA"]},{"cell_type":"code","metadata":{"id":"h07AVeTX0oSY","colab":{"base_uri":"https://localhost:8080/"},"outputId":"dd8a2be3-b35d-4d7d-8d71-83cf959070db"},"source":["def horas_dias(a):\n","  return a/24\n","\n","\n","def minutos_horas(a):\n","  return a/60\n","\n","\n","def segundo_minutos(a):\n","  return a/60\n","\n","\n","while True:\n","  print(\"=\"*45)\n","  print(\"         CONVERSÃO MEDIDAS DE TEMPO\")\n","  print(\"=\"*45)\n","  print(\"Digite: \\n1- Para converter de horas para dia(s). \\n2- Para converter de minutos para horas(s). \\n3- Para converter de segundos para minutos. \\n4- Para sair do programa.\")\n","  print(\"=\"*45)\n","  entrada=int(input())\n","  if entrada==4:\n","    print(\"Saindo do programa, até mais!\")\n","    break\n","\n","\n","  if entrada==1:\n","    x=int(input(\"Digite a quantidade de horas: \"))\n","    print(\"%.1f\" %horas_dias(x), \"dias\")\n","  elif entrada==2:\n","    x=int(input(\"Digite a quantidade de minutos: \"))\n","    print(\"%.1f\" %minutos_horas(x), \"horas\")\n","  elif entrada==3:\n","    x=int(input(\"Digite a quantidade de segundos: \"))\n","    print(\"%.1f\" %segundo_minutos(x), \"minutos\")\n","  else:\n","    print(\"Opção inválida, tente de novo!\")\n","  print()\n","print(\"=\"*45)\n"],"execution_count":null,"outputs":[{"output_type":"stream","text":["=============================================\n","         CONVERSÃO MEDIDAS DE TEMPO\n","=============================================\n","Digite: \n","1- Para converter de horas para dia(s). \n","2- Para converter de minutos para horas(s). \n","3- Para converter de segundos para minutos. \n","4- Para sair do programa.\n","=============================================\n","6\n","Opção inválida, tente de novo!\n","\n","=============================================\n","         CONVERSÃO MEDIDAS DE TEMPO\n","=============================================\n","Digite: \n","1- Para converter de horas para dia(s). \n","2- Para converter de minutos para horas(s). \n","3- Para converter de segundos para minutos. \n","4- Para sair do programa.\n","=============================================\n","2\n","Digite a quantidade de minutos: 7\n","0.1 horas\n","\n","=============================================\n","         CONVERSÃO MEDIDAS DE TEMPO\n","=============================================\n","Digite: \n","1- Para converter de horas para dia(s). \n","2- Para converter de minutos para horas(s). \n","3- Para converter de segundos para minutos. \n","4- Para sair do programa.\n","=============================================\n","10\n","Opção inválida, tente de novo!\n","\n","=============================================\n","         CONVERSÃO MEDIDAS DE TEMPO\n","=============================================\n","Digite: \n","1- Para converter de horas para dia(s). \n","2- Para converter de minutos para horas(s). \n","3- Para converter de segundos para minutos. \n","4- Para sair do programa.\n","=============================================\n"],"name":"stdout"}]},{"cell_type":"markdown","metadata":{"id":"jCXL1p-gfr4N"},"source":["QUESTÃO 03 DA LISTA"]},{"cell_type":"code","metadata":{"id":"N3WPPEehSqkX","colab":{"base_uri":"https://localhost:8080/","height":663},"executionInfo":{"status":"error","timestamp":1627244042059,"user_tz":180,"elapsed":5712,"user":{"displayName":"Fagne de Almeida Oliveira","photoUrl":"https://lh3.googleusercontent.com/a-/AOh14GhLw-foCQFpPlN6qenY_Uyl9_Dn-xjVjiVFwHvz=s64","userId":"09472402191429783827"}},"outputId":"03e924df-17be-4a0a-d9f2-38a8826b274d"},"source":["def verificar(jogada):\n","  if jogada==\"pedra\" or jogada==\"papel\" or jogada==\"tesoura\":\n","    return False\n","  else:\n","    return True\n","\n","\n","def pedra_papel_tesoura(j1,j2):\n","  if j1==j2:\n","    return \" ## EMPATE \"\n","  elif j1==\"pedra\" and j2==\"tesoura\":\n","    return \" ## PARABÉNS, jogador 1, ganhou o jogo !\"\n","  elif j1==\"tesoura\" and j2==\"papel\":\n","    return \" ## PARABÉNS, jogador 1, ganhou o jogo !\"\n","  elif j1==\"papel\" and j2==\"pedra\":\n","    return \" ## PARABÉNS, jogador 1, ganhou o jogo !\"\n","  elif j2==\"pedra\" and j1==\"tesoura\":\n","    return \" ## PARABÉNS, jogador 2, ganhou o jogo !\"\n","  elif j2==\"tesoura\" and j1==\"papel\":\n","    return \" ## PARABÉNS, jogador 2, ganhou o jogo !\"\n","  elif j2==\"papel\" and j1==\"pedra\":\n","    return \"## PARABÉNS, jogador 2, ganhou o jogo !\"\n","  else:\n","    return \"Jogada inválida.\"\n","\n","\n","\n","while True:\n","  print(\"=\"*45)\n","  print(\"            PEDRA, PAPEL E TESOURA\")\n","  print()\n","  print(\"Cada jogador deve digitar uma das opções: \")\n","  print(\"- pedra\")\n","  print(\"- papel\")\n","  print(\"- tesoura\")\n","  print(\"=\"*45)\n","  jogador1=input(\"Jogador 1, por favor introduza sua jogada: \")\n","  if verificar(jogador1):\n","    print(\"Jogada inválida, saindo do programa !!\")\n","    break\n","  jogador2=input(\"Jogador 2, por favor introduza sua jogada: \")\n","  if verificar(jogador2):\n","    print(\" Jogada inválida, saindo do programa !!\")\n","    break\n","  print(pedra_papel_tesoura(jogador1, jogador2))\n","\n","\n","\n","\n","\n"],"execution_count":null,"outputs":[{"output_type":"stream","text":["=============================================\n","            PEDRA, PAPEL E TESOURA\n","\n","Cada jogador deve digitar uma das opções: \n","- pedra\n","- papel\n","- tesoura\n","=============================================\n"],"name":"stdout"},{"output_type":"error","ename":"KeyboardInterrupt","evalue":"ignored","traceback":["\u001b[0;31m---------------------------------------------------------------------------\u001b[0m","\u001b[0;31mKeyboardInterrupt\u001b[0m                         Traceback (most recent call last)","\u001b[0;32m/usr/local/lib/python3.7/dist-packages/ipykernel/kernelbase.py\u001b[0m in \u001b[0;36m_input_request\u001b[0;34m(self, prompt, ident, parent, password)\u001b[0m\n\u001b[1;32m    728\u001b[0m             \u001b[0;32mtry\u001b[0m\u001b[0;34m:\u001b[0m\u001b[0;34m\u001b[0m\u001b[0;34m\u001b[0m\u001b[0m\n\u001b[0;32m--> 729\u001b[0;31m                 \u001b[0mident\u001b[0m\u001b[0;34m,\u001b[0m \u001b[0mreply\u001b[0m \u001b[0;34m=\u001b[0m \u001b[0mself\u001b[0m\u001b[0;34m.\u001b[0m\u001b[0msession\u001b[0m\u001b[0;34m.\u001b[0m\u001b[0mrecv\u001b[0m\u001b[0;34m(\u001b[0m\u001b[0mself\u001b[0m\u001b[0;34m.\u001b[0m\u001b[0mstdin_socket\u001b[0m\u001b[0;34m,\u001b[0m \u001b[0;36m0\u001b[0m\u001b[0;34m)\u001b[0m\u001b[0;34m\u001b[0m\u001b[0;34m\u001b[0m\u001b[0m\n\u001b[0m\u001b[1;32m    730\u001b[0m             \u001b[0;32mexcept\u001b[0m \u001b[0mException\u001b[0m\u001b[0;34m:\u001b[0m\u001b[0;34m\u001b[0m\u001b[0;34m\u001b[0m\u001b[0m\n","\u001b[0;32m/usr/local/lib/python3.7/dist-packages/jupyter_client/session.py\u001b[0m in \u001b[0;36mrecv\u001b[0;34m(self, socket, mode, content, copy)\u001b[0m\n\u001b[1;32m    802\u001b[0m         \u001b[0;32mtry\u001b[0m\u001b[0;34m:\u001b[0m\u001b[0;34m\u001b[0m\u001b[0;34m\u001b[0m\u001b[0m\n\u001b[0;32m--> 803\u001b[0;31m             \u001b[0mmsg_list\u001b[0m \u001b[0;34m=\u001b[0m \u001b[0msocket\u001b[0m\u001b[0;34m.\u001b[0m\u001b[0mrecv_multipart\u001b[0m\u001b[0;34m(\u001b[0m\u001b[0mmode\u001b[0m\u001b[0;34m,\u001b[0m \u001b[0mcopy\u001b[0m\u001b[0;34m=\u001b[0m\u001b[0mcopy\u001b[0m\u001b[0;34m)\u001b[0m\u001b[0;34m\u001b[0m\u001b[0;34m\u001b[0m\u001b[0m\n\u001b[0m\u001b[1;32m    804\u001b[0m         \u001b[0;32mexcept\u001b[0m \u001b[0mzmq\u001b[0m\u001b[0;34m.\u001b[0m\u001b[0mZMQError\u001b[0m \u001b[0;32mas\u001b[0m \u001b[0me\u001b[0m\u001b[0;34m:\u001b[0m\u001b[0;34m\u001b[0m\u001b[0;34m\u001b[0m\u001b[0m\n","\u001b[0;32m/usr/local/lib/python3.7/dist-packages/zmq/sugar/socket.py\u001b[0m in \u001b[0;36mrecv_multipart\u001b[0;34m(self, flags, copy, track)\u001b[0m\n\u001b[1;32m    582\u001b[0m         \"\"\"\n\u001b[0;32m--> 583\u001b[0;31m         \u001b[0mparts\u001b[0m \u001b[0;34m=\u001b[0m \u001b[0;34m[\u001b[0m\u001b[0mself\u001b[0m\u001b[0;34m.\u001b[0m\u001b[0mrecv\u001b[0m\u001b[0;34m(\u001b[0m\u001b[0mflags\u001b[0m\u001b[0;34m,\u001b[0m \u001b[0mcopy\u001b[0m\u001b[0;34m=\u001b[0m\u001b[0mcopy\u001b[0m\u001b[0;34m,\u001b[0m \u001b[0mtrack\u001b[0m\u001b[0;34m=\u001b[0m\u001b[0mtrack\u001b[0m\u001b[0;34m)\u001b[0m\u001b[0;34m]\u001b[0m\u001b[0;34m\u001b[0m\u001b[0;34m\u001b[0m\u001b[0m\n\u001b[0m\u001b[1;32m    584\u001b[0m         \u001b[0;31m# have first part already, only loop while more to receive\u001b[0m\u001b[0;34m\u001b[0m\u001b[0;34m\u001b[0m\u001b[0;34m\u001b[0m\u001b[0m\n","\u001b[0;32mzmq/backend/cython/socket.pyx\u001b[0m in \u001b[0;36mzmq.backend.cython.socket.Socket.recv\u001b[0;34m()\u001b[0m\n","\u001b[0;32mzmq/backend/cython/socket.pyx\u001b[0m in \u001b[0;36mzmq.backend.cython.socket.Socket.recv\u001b[0;34m()\u001b[0m\n","\u001b[0;32mzmq/backend/cython/socket.pyx\u001b[0m in \u001b[0;36mzmq.backend.cython.socket._recv_copy\u001b[0;34m()\u001b[0m\n","\u001b[0;32m/usr/local/lib/python3.7/dist-packages/zmq/backend/cython/checkrc.pxd\u001b[0m in \u001b[0;36mzmq.backend.cython.checkrc._check_rc\u001b[0;34m()\u001b[0m\n","\u001b[0;31mKeyboardInterrupt\u001b[0m: ","\nDuring handling of the above exception, another exception occurred:\n","\u001b[0;31mKeyboardInterrupt\u001b[0m                         Traceback (most recent call last)","\u001b[0;32m<ipython-input-1-31e615ee0ef4>\u001b[0m in \u001b[0;36m<module>\u001b[0;34m()\u001b[0m\n\u001b[1;32m     35\u001b[0m   \u001b[0mprint\u001b[0m\u001b[0;34m(\u001b[0m\u001b[0;34m\"- tesoura\"\u001b[0m\u001b[0;34m)\u001b[0m\u001b[0;34m\u001b[0m\u001b[0;34m\u001b[0m\u001b[0m\n\u001b[1;32m     36\u001b[0m   \u001b[0mprint\u001b[0m\u001b[0;34m(\u001b[0m\u001b[0;34m\"=\"\u001b[0m\u001b[0;34m*\u001b[0m\u001b[0;36m45\u001b[0m\u001b[0;34m)\u001b[0m\u001b[0;34m\u001b[0m\u001b[0;34m\u001b[0m\u001b[0m\n\u001b[0;32m---> 37\u001b[0;31m   \u001b[0mjogador1\u001b[0m\u001b[0;34m=\u001b[0m\u001b[0minput\u001b[0m\u001b[0;34m(\u001b[0m\u001b[0;34m\"Jogador 1, por favor introduza sua jogada: \"\u001b[0m\u001b[0;34m)\u001b[0m\u001b[0;34m\u001b[0m\u001b[0;34m\u001b[0m\u001b[0m\n\u001b[0m\u001b[1;32m     38\u001b[0m   \u001b[0;32mif\u001b[0m \u001b[0mverificar\u001b[0m\u001b[0;34m(\u001b[0m\u001b[0mjogador1\u001b[0m\u001b[0;34m)\u001b[0m\u001b[0;34m:\u001b[0m\u001b[0;34m\u001b[0m\u001b[0;34m\u001b[0m\u001b[0m\n\u001b[1;32m     39\u001b[0m     \u001b[0mprint\u001b[0m\u001b[0;34m(\u001b[0m\u001b[0;34m\"Jogada inválida, saindo do programa !!\"\u001b[0m\u001b[0;34m)\u001b[0m\u001b[0;34m\u001b[0m\u001b[0;34m\u001b[0m\u001b[0m\n","\u001b[0;32m/usr/local/lib/python3.7/dist-packages/ipykernel/kernelbase.py\u001b[0m in \u001b[0;36mraw_input\u001b[0;34m(self, prompt)\u001b[0m\n\u001b[1;32m    702\u001b[0m             \u001b[0mself\u001b[0m\u001b[0;34m.\u001b[0m\u001b[0m_parent_ident\u001b[0m\u001b[0;34m,\u001b[0m\u001b[0;34m\u001b[0m\u001b[0;34m\u001b[0m\u001b[0m\n\u001b[1;32m    703\u001b[0m             \u001b[0mself\u001b[0m\u001b[0;34m.\u001b[0m\u001b[0m_parent_header\u001b[0m\u001b[0;34m,\u001b[0m\u001b[0;34m\u001b[0m\u001b[0;34m\u001b[0m\u001b[0m\n\u001b[0;32m--> 704\u001b[0;31m             \u001b[0mpassword\u001b[0m\u001b[0;34m=\u001b[0m\u001b[0;32mFalse\u001b[0m\u001b[0;34m,\u001b[0m\u001b[0;34m\u001b[0m\u001b[0;34m\u001b[0m\u001b[0m\n\u001b[0m\u001b[1;32m    705\u001b[0m         )\n\u001b[1;32m    706\u001b[0m \u001b[0;34m\u001b[0m\u001b[0m\n","\u001b[0;32m/usr/local/lib/python3.7/dist-packages/ipykernel/kernelbase.py\u001b[0m in \u001b[0;36m_input_request\u001b[0;34m(self, prompt, ident, parent, password)\u001b[0m\n\u001b[1;32m    732\u001b[0m             \u001b[0;32mexcept\u001b[0m \u001b[0mKeyboardInterrupt\u001b[0m\u001b[0;34m:\u001b[0m\u001b[0;34m\u001b[0m\u001b[0;34m\u001b[0m\u001b[0m\n\u001b[1;32m    733\u001b[0m                 \u001b[0;31m# re-raise KeyboardInterrupt, to truncate traceback\u001b[0m\u001b[0;34m\u001b[0m\u001b[0;34m\u001b[0m\u001b[0;34m\u001b[0m\u001b[0m\n\u001b[0;32m--> 734\u001b[0;31m                 \u001b[0;32mraise\u001b[0m \u001b[0mKeyboardInterrupt\u001b[0m\u001b[0;34m\u001b[0m\u001b[0;34m\u001b[0m\u001b[0m\n\u001b[0m\u001b[1;32m    735\u001b[0m             \u001b[0;32melse\u001b[0m\u001b[0;34m:\u001b[0m\u001b[0;34m\u001b[0m\u001b[0;34m\u001b[0m\u001b[0m\n\u001b[1;32m    736\u001b[0m                 \u001b[0;32mbreak\u001b[0m\u001b[0;34m\u001b[0m\u001b[0;34m\u001b[0m\u001b[0m\n","\u001b[0;31mKeyboardInterrupt\u001b[0m: "]}]}]}